<?xml version="1.0" encoding="utf-8"?>
<coverage line-rate="0.8070999999999999" branch-rate="0.732" version="1.9" timestamp="1754015352" lines-covered="925" lines-valid="1146" branches-covered="224" branches-valid="306">
  <sources>
    <source>D:\Projects\WorkoutGamifier\WorkoutGamifier.Core\</source>
  </sources>
  <packages>
    <package name="WorkoutGamifier.Core" line-rate="0.8070999999999999" branch-rate="0.732" complexity="426">
      <classes>
        <class name="WorkoutGamifier.Core.Services.BackupService" filename="Services\BackupService.cs" line-rate="0.7857" branch-rate="0.6896" complexity="59">
          <methods>
            <method name="ValidateBackupStructure" signature="(WorkoutGamifier.Core.Services.BackupData,WorkoutGamifier.Core.Services.BackupValidationResult)" line-rate="0.5714" branch-rate="0.5" complexity="12">
              <lines>
                <line number="240" hits="5" branch="False" />
                <line number="241" hits="5" branch="True" condition-coverage="50% (1/2)">
                  <conditions>
                    <condition number="12" type="jump" coverage="50%" />
                  </conditions>
                </line>
                <line number="242" hits="0" branch="False" />
                <line number="244" hits="5" branch="True" condition-coverage="50% (1/2)">
                  <conditions>
                    <condition number="42" type="jump" coverage="50%" />
                  </conditions>
                </line>
                <line number="245" hits="0" branch="False" />
                <line number="247" hits="5" branch="True" condition-coverage="50% (1/2)">
                  <conditions>
                    <condition number="72" type="jump" coverage="50%" />
                  </conditions>
                </line>
                <line number="248" hits="0" branch="False" />
                <line number="250" hits="5" branch="True" condition-coverage="50% (1/2)">
                  <conditions>
                    <condition number="102" type="jump" coverage="50%" />
                  </conditions>
                </line>
                <line number="251" hits="0" branch="False" />
                <line number="253" hits="5" branch="True" condition-coverage="50% (1/2)">
                  <conditions>
                    <condition number="146" type="jump" coverage="50%" />
                  </conditions>
                </line>
                <line number="254" hits="0" branch="False" />
                <line number="256" hits="5" branch="True" condition-coverage="50% (1/2)">
                  <conditions>
                    <condition number="180" type="jump" coverage="50%" />
                  </conditions>
                </line>
                <line number="257" hits="0" branch="False" />
                <line number="258" hits="5" branch="False" />
              </lines>
            </method>
            <method name="ValidateEntities" signature="(System.Collections.Generic.List`1&lt;T&gt;,WorkoutGamifier.Core.Services.BackupValidationResult,System.String)" line-rate="1" branch-rate="1" complexity="8">
              <lines>
                <line number="273" hits="20" branch="False" />
                <line number="274" hits="20" branch="True" condition-coverage="100% (2/2)">
                  <conditions>
                    <condition number="7" type="jump" coverage="100%" />
                  </conditions>
                </line>
                <line number="276" hits="68" branch="True" condition-coverage="100% (2/2)">
                  <conditions>
                    <condition number="232" type="jump" coverage="100%" />
                  </conditions>
                </line>
                <line number="277" hits="14" branch="False" />
                <line number="278" hits="14" branch="False" />
                <line number="279" hits="14" branch="False" />
                <line number="280" hits="14" branch="False" />
                <line number="282" hits="14" branch="True" condition-coverage="100% (2/2)">
                  <conditions>
                    <condition number="71" type="jump" coverage="100%" />
                  </conditions>
                </line>
                <line number="283" hits="1" branch="False" />
                <line number="284" hits="7" branch="True" condition-coverage="100% (2/2)">
                  <conditions>
                    <condition number="194" type="jump" coverage="100%" />
                  </conditions>
                </line>
                <line number="285" hits="2" branch="False" />
                <line number="286" hits="2" branch="False" />
                <line number="287" hits="2" branch="False" />
                <line number="288" hits="1" branch="False" />
                <line number="289" hits="14" branch="False" />
                <line number="290" hits="20" branch="False" />
              </lines>
            </method>
            <method name="ValidateForeignKeyReferences" signature="(WorkoutGamifier.Core.Services.BackupData,WorkoutGamifier.Core.Services.BackupValidationResult)" line-rate="0.8125" branch-rate="0.7272" complexity="22">
              <lines>
                <line number="293" hits="5" branch="False" />
                <line number="294" hits="9" branch="False" />
                <line number="295" hits="8" branch="False" />
                <line number="296" hits="8" branch="False" />
                <line number="297" hits="9" branch="False" />
                <line number="300" hits="21" branch="True" condition-coverage="100% (2/2)">
                  <conditions>
                    <condition number="388" type="jump" coverage="100%" />
                  </conditions>
                </line>
                <line number="301" hits="3" branch="False" />
                <line number="302" hits="3" branch="True" condition-coverage="50% (1/2)">
                  <conditions>
                    <condition number="242" type="jump" coverage="50%" />
                  </conditions>
                </line>
                <line number="303" hits="0" branch="False" />
                <line number="305" hits="3" branch="True" condition-coverage="50% (1/2)">
                  <conditions>
                    <condition number="321" type="jump" coverage="50%" />
                  </conditions>
                </line>
                <line number="306" hits="0" branch="False" />
                <line number="307" hits="3" branch="False" />
                <line number="310" hits="23" branch="True" condition-coverage="100% (2/2)">
                  <conditions>
                    <condition number="551" type="jump" coverage="100%" />
                  </conditions>
                </line>
                <line number="311" hits="4" branch="False" />
                <line number="312" hits="4" branch="True" condition-coverage="100% (2/2)">
                  <conditions>
                    <condition number="456" type="jump" coverage="100%" />
                  </conditions>
                </line>
                <line number="313" hits="1" branch="False" />
                <line number="314" hits="4" branch="False" />
                <line number="317" hits="21" branch="True" condition-coverage="100% (2/2)">
                  <conditions>
                    <condition number="821" type="jump" coverage="100%" />
                  </conditions>
                </line>
                <line number="318" hits="3" branch="False" />
                <line number="319" hits="3" branch="True" condition-coverage="50% (1/2)">
                  <conditions>
                    <condition number="619" type="jump" coverage="50%" />
                  </conditions>
                </line>
                <line number="320" hits="0" branch="False" />
                <line number="322" hits="3" branch="True" condition-coverage="50% (1/2)">
                  <conditions>
                    <condition number="726" type="jump" coverage="50%" />
                  </conditions>
                </line>
                <line number="323" hits="0" branch="False" />
                <line number="324" hits="3" branch="False" />
                <line number="327" hits="21" branch="True" condition-coverage="100% (2/2)">
                  <conditions>
                    <condition number="1094" type="jump" coverage="100%" />
                  </conditions>
                </line>
                <line number="328" hits="3" branch="False" />
                <line number="329" hits="3" branch="True" condition-coverage="50% (1/2)">
                  <conditions>
                    <condition number="892" type="jump" coverage="50%" />
                  </conditions>
                </line>
                <line number="330" hits="0" branch="False" />
                <line number="332" hits="3" branch="True" condition-coverage="50% (1/2)">
                  <conditions>
                    <condition number="999" type="jump" coverage="50%" />
                  </conditions>
                </line>
                <line number="333" hits="0" branch="False" />
                <line number="334" hits="3" branch="False" />
                <line number="335" hits="5" branch="False" />
              </lines>
            </method>
            <method name="ValidateBusinessRules" signature="(WorkoutGamifier.Core.Services.BackupData,WorkoutGamifier.Core.Services.BackupValidationResult)" line-rate="0.6896" branch-rate="0.6666" complexity="12">
              <lines>
                <line number="338" hits="5" branch="False" />
                <line number="340" hits="5" branch="False" />
                <line number="341" hits="3" branch="False" />
                <line number="342" hits="11" branch="False" />
                <line number="344" hits="21" branch="True" condition-coverage="100% (2/2)">
                  <conditions>
                    <condition number="214" type="jump" coverage="100%" />
                  </conditions>
                </line>
                <line number="345" hits="3" branch="False" />
                <line number="346" hits="3" branch="True" condition-coverage="50% (2/4)">
                  <conditions>
                    <condition number="147" type="jump" coverage="50%" />
                    <condition number="169" type="jump" coverage="50%" />
                  </conditions>
                </line>
                <line number="347" hits="0" branch="False" />
                <line number="348" hits="0" branch="False" />
                <line number="349" hits="0" branch="False" />
                <line number="350" hits="3" branch="False" />
                <line number="353" hits="23" branch="True" condition-coverage="100% (2/2)">
                  <conditions>
                    <condition number="696" type="jump" coverage="100%" />
                  </conditions>
                </line>
                <line number="354" hits="4" branch="False" />
                <line number="355" hits="4" branch="False" />
                <line number="356" hits="3" branch="False" />
                <line number="357" hits="7" branch="False" />
                <line number="359" hits="4" branch="False" />
                <line number="360" hits="3" branch="False" />
                <line number="361" hits="7" branch="False" />
                <line number="363" hits="4" branch="True" condition-coverage="50% (1/2)">
                  <conditions>
                    <condition number="421" type="jump" coverage="50%" />
                  </conditions>
                </line>
                <line number="364" hits="0" branch="False" />
                <line number="365" hits="0" branch="False" />
                <line number="366" hits="0" branch="False" />
                <line number="368" hits="4" branch="True" condition-coverage="50% (1/2)">
                  <conditions>
                    <condition number="566" type="jump" coverage="50%" />
                  </conditions>
                </line>
                <line number="369" hits="0" branch="False" />
                <line number="370" hits="0" branch="False" />
                <line number="371" hits="0" branch="False" />
                <line number="372" hits="4" branch="False" />
                <line number="373" hits="5" branch="False" />
              </lines>
            </method>
            <method name="GetAppVersion" signature="()" line-rate="0.6666" branch-rate="0.5" complexity="4">
              <lines>
                <line number="649" hits="5" branch="False" />
                <line number="651" hits="5" branch="False" />
                <line number="652" hits="5" branch="False" />
                <line number="653" hits="5" branch="False" />
                <line number="654" hits="5" branch="True" condition-coverage="50% (2/4)">
                  <conditions>
                    <condition number="21" type="jump" coverage="50%" />
                    <condition number="33" type="jump" coverage="50%" />
                  </conditions>
                </line>
                <line number="656" hits="0" branch="False" />
                <line number="657" hits="0" branch="False" />
                <line number="658" hits="0" branch="False" />
                <line number="660" hits="5" branch="False" />
              </lines>
            </method>
            <method name=".ctor" signature="(WorkoutGamifier.Core.Repositories.IUnitOfWork)" line-rate="1" branch-rate="1" complexity="1">
              <lines>
                <line number="15" hits="14" branch="False" />
                <line number="16" hits="14" branch="False" />
                <line number="17" hits="14" branch="False" />
                <line number="18" hits="14" branch="False" />
                <line number="19" hits="14" branch="False" />
                <line number="20" hits="14" branch="False" />
                <line number="21" hits="14" branch="False" />
                <line number="22" hits="14" branch="False" />
                <line number="23" hits="14" branch="False" />
                <line number="24" hits="14" branch="False" />
                <line number="25" hits="14" branch="False" />
                <line number="26" hits="14" branch="False" />
              </lines>
            </method>
          </methods>
          <lines>
            <line number="240" hits="5" branch="False" />
            <line number="241" hits="5" branch="True" condition-coverage="50% (1/2)">
              <conditions>
                <condition number="12" type="jump" coverage="50%" />
              </conditions>
            </line>
            <line number="242" hits="0" branch="False" />
            <line number="244" hits="5" branch="True" condition-coverage="50% (1/2)">
              <conditions>
                <condition number="42" type="jump" coverage="50%" />
              </conditions>
            </line>
            <line number="245" hits="0" branch="False" />
            <line number="247" hits="5" branch="True" condition-coverage="50% (1/2)">
              <conditions>
                <condition number="72" type="jump" coverage="50%" />
              </conditions>
            </line>
            <line number="248" hits="0" branch="False" />
            <line number="250" hits="5" branch="True" condition-coverage="50% (1/2)">
              <conditions>
                <condition number="102" type="jump" coverage="50%" />
              </conditions>
            </line>
            <line number="251" hits="0" branch="False" />
            <line number="253" hits="5" branch="True" condition-coverage="50% (1/2)">
              <conditions>
                <condition number="146" type="jump" coverage="50%" />
              </conditions>
            </line>
            <line number="254" hits="0" branch="False" />
            <line number="256" hits="5" branch="True" condition-coverage="50% (1/2)">
              <conditions>
                <condition number="180" type="jump" coverage="50%" />
              </conditions>
            </line>
            <line number="257" hits="0" branch="False" />
            <line number="258" hits="5" branch="False" />
            <line number="273" hits="20" branch="False" />
            <line number="274" hits="20" branch="True" condition-coverage="100% (2/2)">
              <conditions>
                <condition number="7" type="jump" coverage="100%" />
              </conditions>
            </line>
            <line number="276" hits="68" branch="True" condition-coverage="100% (2/2)">
              <conditions>
                <condition number="232" type="jump" coverage="100%" />
              </conditions>
            </line>
            <line number="277" hits="14" branch="False" />
            <line number="278" hits="14" branch="False" />
            <line number="279" hits="14" branch="False" />
            <line number="280" hits="14" branch="False" />
            <line number="282" hits="14" branch="True" condition-coverage="100% (2/2)">
              <conditions>
                <condition number="71" type="jump" coverage="100%" />
              </conditions>
            </line>
            <line number="283" hits="1" branch="False" />
            <line number="284" hits="7" branch="True" condition-coverage="100% (2/2)">
              <conditions>
                <condition number="194" type="jump" coverage="100%" />
              </conditions>
            </line>
            <line number="285" hits="2" branch="False" />
            <line number="286" hits="2" branch="False" />
            <line number="287" hits="2" branch="False" />
            <line number="288" hits="1" branch="False" />
            <line number="289" hits="14" branch="False" />
            <line number="290" hits="20" branch="False" />
            <line number="293" hits="5" branch="False" />
            <line number="294" hits="9" branch="False" />
            <line number="295" hits="8" branch="False" />
            <line number="296" hits="8" branch="False" />
            <line number="297" hits="9" branch="False" />
            <line number="300" hits="21" branch="True" condition-coverage="100% (2/2)">
              <conditions>
                <condition number="388" type="jump" coverage="100%" />
              </conditions>
            </line>
            <line number="301" hits="3" branch="False" />
            <line number="302" hits="3" branch="True" condition-coverage="50% (1/2)">
              <conditions>
                <condition number="242" type="jump" coverage="50%" />
              </conditions>
            </line>
            <line number="303" hits="0" branch="False" />
            <line number="305" hits="3" branch="True" condition-coverage="50% (1/2)">
              <conditions>
                <condition number="321" type="jump" coverage="50%" />
              </conditions>
            </line>
            <line number="306" hits="0" branch="False" />
            <line number="307" hits="3" branch="False" />
            <line number="310" hits="23" branch="True" condition-coverage="100% (2/2)">
              <conditions>
                <condition number="551" type="jump" coverage="100%" />
              </conditions>
            </line>
            <line number="311" hits="4" branch="False" />
            <line number="312" hits="4" branch="True" condition-coverage="100% (2/2)">
              <conditions>
                <condition number="456" type="jump" coverage="100%" />
              </conditions>
            </line>
            <line number="313" hits="1" branch="False" />
            <line number="314" hits="4" branch="False" />
            <line number="317" hits="21" branch="True" condition-coverage="100% (2/2)">
              <conditions>
                <condition number="821" type="jump" coverage="100%" />
              </conditions>
            </line>
            <line number="318" hits="3" branch="False" />
            <line number="319" hits="3" branch="True" condition-coverage="50% (1/2)">
              <conditions>
                <condition number="619" type="jump" coverage="50%" />
              </conditions>
            </line>
            <line number="320" hits="0" branch="False" />
            <line number="322" hits="3" branch="True" condition-coverage="50% (1/2)">
              <conditions>
                <condition number="726" type="jump" coverage="50%" />
              </conditions>
            </line>
            <line number="323" hits="0" branch="False" />
            <line number="324" hits="3" branch="False" />
            <line number="327" hits="21" branch="True" condition-coverage="100% (2/2)">
              <conditions>
                <condition number="1094" type="jump" coverage="100%" />
              </conditions>
            </line>
            <line number="328" hits="3" branch="False" />
            <line number="329" hits="3" branch="True" condition-coverage="50% (1/2)">
              <conditions>
                <condition number="892" type="jump" coverage="50%" />
              </conditions>
            </line>
            <line number="330" hits="0" branch="False" />
            <line number="332" hits="3" branch="True" condition-coverage="50% (1/2)">
              <conditions>
                <condition number="999" type="jump" coverage="50%" />
              </conditions>
            </line>
            <line number="333" hits="0" branch="False" />
            <line number="334" hits="3" branch="False" />
            <line number="335" hits="5" branch="False" />
            <line number="338" hits="5" branch="False" />
            <line number="340" hits="5" branch="False" />
            <line number="341" hits="3" branch="False" />
            <line number="342" hits="11" branch="False" />
            <line number="344" hits="21" branch="True" condition-coverage="100% (2/2)">
              <conditions>
                <condition number="214" type="jump" coverage="100%" />
              </conditions>
            </line>
            <line number="345" hits="3" branch="False" />
            <line number="346" hits="3" branch="True" condition-coverage="50% (2/4)">
              <conditions>
                <condition number="147" type="jump" coverage="50%" />
                <condition number="169" type="jump" coverage="50%" />
              </conditions>
            </line>
            <line number="347" hits="0" branch="False" />
            <line number="348" hits="0" branch="False" />
            <line number="349" hits="0" branch="False" />
            <line number="350" hits="3" branch="False" />
            <line number="353" hits="23" branch="True" condition-coverage="100% (2/2)">
              <conditions>
                <condition number="696" type="jump" coverage="100%" />
              </conditions>
            </line>
            <line number="354" hits="4" branch="False" />
            <line number="355" hits="4" branch="False" />
            <line number="356" hits="3" branch="False" />
            <line number="357" hits="7" branch="False" />
            <line number="359" hits="4" branch="False" />
            <line number="360" hits="3" branch="False" />
            <line number="361" hits="7" branch="False" />
            <line number="363" hits="4" branch="True" condition-coverage="50% (1/2)">
              <conditions>
                <condition number="421" type="jump" coverage="50%" />
              </conditions>
            </line>
            <line number="364" hits="0" branch="False" />
            <line number="365" hits="0" branch="False" />
            <line number="366" hits="0" branch="False" />
            <line number="368" hits="4" branch="True" condition-coverage="50% (1/2)">
              <conditions>
                <condition number="566" type="jump" coverage="50%" />
              </conditions>
            </line>
            <line number="369" hits="0" branch="False" />
            <line number="370" hits="0" branch="False" />
            <line number="371" hits="0" branch="False" />
            <line number="372" hits="4" branch="False" />
            <line number="373" hits="5" branch="False" />
            <line number="649" hits="5" branch="False" />
            <line number="651" hits="5" branch="False" />
            <line number="652" hits="5" branch="False" />
            <line number="653" hits="5" branch="False" />
            <line number="654" hits="5" branch="True" condition-coverage="50% (2/4)">
              <conditions>
                <condition number="21" type="jump" coverage="50%" />
                <condition number="33" type="jump" coverage="50%" />
              </conditions>
            </line>
            <line number="656" hits="0" branch="False" />
            <line number="657" hits="0" branch="False" />
            <line number="658" hits="0" branch="False" />
            <line number="660" hits="5" branch="False" />
            <line number="15" hits="14" branch="False" />
            <line number="16" hits="14" branch="False" />
            <line number="17" hits="14" branch="False" />
            <line number="18" hits="14" branch="False" />
            <line number="19" hits="14" branch="False" />
            <line number="20" hits="14" branch="False" />
            <line number="21" hits="14" branch="False" />
            <line number="22" hits="14" branch="False" />
            <line number="23" hits="14" branch="False" />
            <line number="24" hits="14" branch="False" />
            <line number="25" hits="14" branch="False" />
            <line number="26" hits="14" branch="False" />
          </lines>
        </class>
        <class name="WorkoutGamifier.Core.Services.BackupService/&lt;&gt;c" filename="Services\BackupService.cs" line-rate="1" branch-rate="1" complexity="1">
          <methods>
            <method name="&lt;ClearExistingDataAsync&gt;b__14_1" signature="(WorkoutGamifier.Core.Models.Workout)" line-rate="1" branch-rate="1" complexity="1">
              <lines>
                <line number="424" hits="6" branch="False" />
              </lines>
            </method>
          </methods>
          <lines>
            <line number="424" hits="6" branch="False" />
          </lines>
        </class>
        <class name="WorkoutGamifier.Core.Services.BackupService/&lt;&gt;c__DisplayClass14_0" filename="Services\BackupService.cs" line-rate="1" branch-rate="0.5" complexity="2">
          <methods>
            <method name="&lt;ClearExistingDataAsync&gt;b__0" signature="(WorkoutGamifier.Core.Models.WorkoutPoolWorkout)" line-rate="1" branch-rate="0.5" complexity="2">
              <lines>
                <line number="403" hits="2" branch="True" condition-coverage="50% (1/2)">
                  <conditions>
                    <condition number="17" type="jump" coverage="50%" />
                  </conditions>
                </line>
              </lines>
            </method>
          </methods>
          <lines>
            <line number="403" hits="2" branch="True" condition-coverage="50% (1/2)">
              <conditions>
                <condition number="17" type="jump" coverage="50%" />
              </conditions>
            </line>
          </lines>
        </class>
        <class name="WorkoutGamifier.Core.Services.BackupService/&lt;ClearExistingDataAsync&gt;d__14" filename="Services\BackupService.cs" line-rate="1" branch-rate="1" complexity="16">
          <methods>
            <method name="MoveNext" signature="()" line-rate="1" branch-rate="1" complexity="16">
              <lines>
                <line number="376" hits="1" branch="False" />
                <line number="378" hits="1" branch="False" />
                <line number="379" hits="5" branch="True" condition-coverage="100% (2/2)">
                  <conditions>
                    <condition number="477" type="jump" coverage="100%" />
                  </conditions>
                </line>
                <line number="380" hits="1" branch="False" />
                <line number="381" hits="1" branch="False" />
                <line number="382" hits="1" branch="False" />
                <line number="384" hits="1" branch="False" />
                <line number="385" hits="5" branch="True" condition-coverage="100% (2/2)">
                  <conditions>
                    <condition number="851" type="jump" coverage="100%" />
                  </conditions>
                </line>
                <line number="386" hits="1" branch="False" />
                <line number="387" hits="1" branch="False" />
                <line number="388" hits="1" branch="False" />
                <line number="390" hits="1" branch="False" />
                <line number="391" hits="5" branch="True" condition-coverage="100% (2/2)">
                  <conditions>
                    <condition number="1225" type="jump" coverage="100%" />
                  </conditions>
                </line>
                <line number="392" hits="1" branch="False" />
                <line number="393" hits="1" branch="False" />
                <line number="394" hits="1" branch="False" />
                <line number="396" hits="1" branch="False" />
                <line number="397" hits="5" branch="True" condition-coverage="100% (2/2)">
                  <conditions>
                    <condition number="1693" type="jump" coverage="100%" />
                  </conditions>
                </line>
                <line number="398" hits="1" branch="False" />
                <line number="402" hits="1" branch="False" />
                <line number="404" hits="1" branch="True" condition-coverage="100% (2/2)">
                  <conditions>
                    <condition number="1656" type="jump" coverage="100%" />
                  </conditions>
                </line>
                <line number="405" hits="1" branch="False" />
                <line number="408" hits="1" branch="False" />
                <line number="409" hits="1" branch="False" />
                <line number="411" hits="1" branch="False" />
                <line number="412" hits="5" branch="True" condition-coverage="100% (2/2)">
                  <conditions>
                    <condition number="2069" type="jump" coverage="100%" />
                  </conditions>
                </line>
                <line number="413" hits="1" branch="False" />
                <line number="414" hits="1" branch="False" />
                <line number="415" hits="1" branch="False" />
                <line number="417" hits="1" branch="False" />
                <line number="418" hits="5" branch="True" condition-coverage="100% (2/2)">
                  <conditions>
                    <condition number="2446" type="jump" coverage="100%" />
                  </conditions>
                </line>
                <line number="419" hits="1" branch="False" />
                <line number="420" hits="1" branch="False" />
                <line number="421" hits="1" branch="False" />
                <line number="423" hits="1" branch="False" />
                <line number="425" hits="1" branch="False" />
                <line number="426" hits="1" branch="False" />
                <line number="427" hits="1" branch="False" />
                <line number="429" hits="1" branch="False" />
                <line number="430" hits="1" branch="False" />
              </lines>
            </method>
          </methods>
          <lines>
            <line number="376" hits="1" branch="False" />
            <line number="378" hits="1" branch="False" />
            <line number="379" hits="5" branch="True" condition-coverage="100% (2/2)">
              <conditions>
                <condition number="477" type="jump" coverage="100%" />
              </conditions>
            </line>
            <line number="380" hits="1" branch="False" />
            <line number="381" hits="1" branch="False" />
            <line number="382" hits="1" branch="False" />
            <line number="384" hits="1" branch="False" />
            <line number="385" hits="5" branch="True" condition-coverage="100% (2/2)">
              <conditions>
                <condition number="851" type="jump" coverage="100%" />
              </conditions>
            </line>
            <line number="386" hits="1" branch="False" />
            <line number="387" hits="1" branch="False" />
            <line number="388" hits="1" branch="False" />
            <line number="390" hits="1" branch="False" />
            <line number="391" hits="5" branch="True" condition-coverage="100% (2/2)">
              <conditions>
                <condition number="1225" type="jump" coverage="100%" />
              </conditions>
            </line>
            <line number="392" hits="1" branch="False" />
            <line number="393" hits="1" branch="False" />
            <line number="394" hits="1" branch="False" />
            <line number="396" hits="1" branch="False" />
            <line number="397" hits="5" branch="True" condition-coverage="100% (2/2)">
              <conditions>
                <condition number="1693" type="jump" coverage="100%" />
              </conditions>
            </line>
            <line number="398" hits="1" branch="False" />
            <line number="402" hits="1" branch="False" />
            <line number="404" hits="1" branch="True" condition-coverage="100% (2/2)">
              <conditions>
                <condition number="1656" type="jump" coverage="100%" />
              </conditions>
            </line>
            <line number="405" hits="1" branch="False" />
            <line number="408" hits="1" branch="False" />
            <line number="409" hits="1" branch="False" />
            <line number="411" hits="1" branch="False" />
            <line number="412" hits="5" branch="True" condition-coverage="100% (2/2)">
              <conditions>
                <condition number="2069" type="jump" coverage="100%" />
              </conditions>
            </line>
            <line number="413" hits="1" branch="False" />
            <line number="414" hits="1" branch="False" />
            <line number="415" hits="1" branch="False" />
            <line number="417" hits="1" branch="False" />
            <line number="418" hits="5" branch="True" condition-coverage="100% (2/2)">
              <conditions>
                <condition number="2446" type="jump" coverage="100%" />
              </conditions>
            </line>
            <line number="419" hits="1" branch="False" />
            <line number="420" hits="1" branch="False" />
            <line number="421" hits="1" branch="False" />
            <line number="423" hits="1" branch="False" />
            <line number="425" hits="1" branch="False" />
            <line number="426" hits="1" branch="False" />
            <line number="427" hits="1" branch="False" />
            <line number="429" hits="1" branch="False" />
            <line number="430" hits="1" branch="False" />
          </lines>
        </class>
        <class name="WorkoutGamifier.Core.Services.BackupService/&lt;ExportDataAsync&gt;d__3" filename="Services\BackupService.cs" line-rate="0.8421" branch-rate="1" complexity="1">
          <methods>
            <method name="MoveNext" signature="()" line-rate="0.8421" branch-rate="1" complexity="1">
              <lines>
                <line number="29" hits="5" branch="False" />
                <line number="31" hits="5" branch="False" />
                <line number="32" hits="5" branch="False" />
                <line number="33" hits="5" branch="False" />
                <line number="34" hits="5" branch="False" />
                <line number="35" hits="5" branch="False" />
                <line number="36" hits="5" branch="False" />
                <line number="37" hits="5" branch="False" />
                <line number="38" hits="5" branch="False" />
                <line number="39" hits="5" branch="False" />
                <line number="40" hits="5" branch="False" />
                <line number="41" hits="5" branch="False" />
                <line number="42" hits="5" branch="False" />
                <line number="43" hits="5" branch="False" />
                <line number="45" hits="5" branch="False" />
                <line number="47" hits="0" branch="False" />
                <line number="48" hits="0" branch="False" />
                <line number="49" hits="0" branch="False" />
                <line number="51" hits="5" branch="False" />
              </lines>
            </method>
          </methods>
          <lines>
            <line number="29" hits="5" branch="False" />
            <line number="31" hits="5" branch="False" />
            <line number="32" hits="5" branch="False" />
            <line number="33" hits="5" branch="False" />
            <line number="34" hits="5" branch="False" />
            <line number="35" hits="5" branch="False" />
            <line number="36" hits="5" branch="False" />
            <line number="37" hits="5" branch="False" />
            <line number="38" hits="5" branch="False" />
            <line number="39" hits="5" branch="False" />
            <line number="40" hits="5" branch="False" />
            <line number="41" hits="5" branch="False" />
            <line number="42" hits="5" branch="False" />
            <line number="43" hits="5" branch="False" />
            <line number="45" hits="5" branch="False" />
            <line number="47" hits="0" branch="False" />
            <line number="48" hits="0" branch="False" />
            <line number="49" hits="0" branch="False" />
            <line number="51" hits="5" branch="False" />
          </lines>
        </class>
        <class name="WorkoutGamifier.Core.Services.BackupService/&lt;GetBackupFilePathAsync&gt;d__6" filename="Services\BackupService.cs" line-rate="0.7" branch-rate="0.5" complexity="2">
          <methods>
            <method name="MoveNext" signature="()" line-rate="0.7" branch-rate="0.5" complexity="2">
              <lines>
                <line number="182" hits="1" branch="False" />
                <line number="183" hits="1" branch="False" />
                <line number="184" hits="1" branch="False" />
                <line number="186" hits="1" branch="True" condition-coverage="50% (1/2)">
                  <conditions>
                    <condition number="63" type="jump" coverage="50%" />
                  </conditions>
                </line>
                <line number="187" hits="0" branch="False" />
                <line number="188" hits="0" branch="False" />
                <line number="189" hits="0" branch="False" />
                <line number="191" hits="1" branch="False" />
                <line number="192" hits="1" branch="False" />
                <line number="193" hits="1" branch="False" />
              </lines>
            </method>
          </methods>
          <lines>
            <line number="182" hits="1" branch="False" />
            <line number="183" hits="1" branch="False" />
            <line number="184" hits="1" branch="False" />
            <line number="186" hits="1" branch="True" condition-coverage="50% (1/2)">
              <conditions>
                <condition number="63" type="jump" coverage="50%" />
              </conditions>
            </line>
            <line number="187" hits="0" branch="False" />
            <line number="188" hits="0" branch="False" />
            <line number="189" hits="0" branch="False" />
            <line number="191" hits="1" branch="False" />
            <line number="192" hits="1" branch="False" />
            <line number="193" hits="1" branch="False" />
          </lines>
        </class>
        <class name="WorkoutGamifier.Core.Services.BackupService/&lt;ImportActionCompletionsAsync&gt;d__20" filename="Services\BackupService.cs" line-rate="0.9229999999999999" branch-rate="1" complexity="2">
          <methods>
            <method name="MoveNext" signature="()" line-rate="0.9229999999999999" branch-rate="1" complexity="2">
              <lines>
                <line number="617" hits="1" branch="False" />
                <line number="618" hits="5" branch="True" condition-coverage="100% (2/2)">
                  <conditions>
                    <condition number="275" type="jump" coverage="100%" />
                  </conditions>
                </line>
                <line number="619" hits="1" branch="False" />
                <line number="621" hits="1" branch="False" />
                <line number="622" hits="1" branch="False" />
                <line number="623" hits="1" branch="False" />
                <line number="624" hits="0" branch="False" />
                <line number="625" hits="1" branch="False" />
                <line number="626" hits="1" branch="False" />
                <line number="627" hits="1" branch="False" />
                <line number="628" hits="1" branch="False" />
                <line number="629" hits="1" branch="False" />
                <line number="630" hits="1" branch="False" />
              </lines>
            </method>
          </methods>
          <lines>
            <line number="617" hits="1" branch="False" />
            <line number="618" hits="5" branch="True" condition-coverage="100% (2/2)">
              <conditions>
                <condition number="275" type="jump" coverage="100%" />
              </conditions>
            </line>
            <line number="619" hits="1" branch="False" />
            <line number="621" hits="1" branch="False" />
            <line number="622" hits="1" branch="False" />
            <line number="623" hits="1" branch="False" />
            <line number="624" hits="0" branch="False" />
            <line number="625" hits="1" branch="False" />
            <line number="626" hits="1" branch="False" />
            <line number="627" hits="1" branch="False" />
            <line number="628" hits="1" branch="False" />
            <line number="629" hits="1" branch="False" />
            <line number="630" hits="1" branch="False" />
          </lines>
        </class>
        <class name="WorkoutGamifier.Core.Services.BackupService/&lt;ImportActionsAsync&gt;d__16" filename="Services\BackupService.cs" line-rate="0.6875" branch-rate="0.8332999999999999" complexity="6">
          <methods>
            <method name="MoveNext" signature="()" line-rate="0.6875" branch-rate="0.8332999999999999" complexity="6">
              <lines>
                <line number="479" hits="2" branch="False" />
                <line number="480" hits="10" branch="True" condition-coverage="100% (2/2)">
                  <conditions>
                    <condition number="892" type="jump" coverage="100%" />
                  </conditions>
                </line>
                <line number="481" hits="2" branch="False" />
                <line number="483" hits="2" branch="False" />
                <line number="484" hits="2" branch="True" condition-coverage="100% (2/2)">
                  <conditions>
                    <condition number="117" type="jump" coverage="100%" />
                  </conditions>
                </line>
                <line number="485" hits="1" branch="False" />
                <line number="486" hits="1" branch="False" />
                <line number="487" hits="1" branch="True" condition-coverage="50% (1/2)">
                  <conditions>
                    <condition number="282" type="jump" coverage="50%" />
                  </conditions>
                </line>
                <line number="488" hits="0" branch="False" />
                <line number="489" hits="0" branch="False" />
                <line number="490" hits="0" branch="False" />
                <line number="491" hits="0" branch="False" />
                <line number="493" hits="0" branch="False" />
                <line number="494" hits="0" branch="False" />
                <line number="496" hits="1" branch="False" />
                <line number="497" hits="1" branch="False" />
                <line number="498" hits="1" branch="False" />
                <line number="499" hits="1" branch="False" />
                <line number="501" hits="1" branch="False" />
                <line number="502" hits="1" branch="False" />
                <line number="503" hits="1" branch="False" />
                <line number="504" hits="1" branch="False" />
                <line number="505" hits="1" branch="False" />
                <line number="506" hits="1" branch="False" />
                <line number="508" hits="2" branch="False" />
                <line number="509" hits="2" branch="False" />
                <line number="510" hits="0" branch="False" />
                <line number="511" hits="0" branch="False" />
                <line number="512" hits="0" branch="False" />
                <line number="513" hits="0" branch="False" />
                <line number="514" hits="2" branch="False" />
                <line number="515" hits="2" branch="False" />
              </lines>
            </method>
          </methods>
          <lines>
            <line number="479" hits="2" branch="False" />
            <line number="480" hits="10" branch="True" condition-coverage="100% (2/2)">
              <conditions>
                <condition number="892" type="jump" coverage="100%" />
              </conditions>
            </line>
            <line number="481" hits="2" branch="False" />
            <line number="483" hits="2" branch="False" />
            <line number="484" hits="2" branch="True" condition-coverage="100% (2/2)">
              <conditions>
                <condition number="117" type="jump" coverage="100%" />
              </conditions>
            </line>
            <line number="485" hits="1" branch="False" />
            <line number="486" hits="1" branch="False" />
            <line number="487" hits="1" branch="True" condition-coverage="50% (1/2)">
              <conditions>
                <condition number="282" type="jump" coverage="50%" />
              </conditions>
            </line>
            <line number="488" hits="0" branch="False" />
            <line number="489" hits="0" branch="False" />
            <line number="490" hits="0" branch="False" />
            <line number="491" hits="0" branch="False" />
            <line number="493" hits="0" branch="False" />
            <line number="494" hits="0" branch="False" />
            <line number="496" hits="1" branch="False" />
            <line number="497" hits="1" branch="False" />
            <line number="498" hits="1" branch="False" />
            <line number="499" hits="1" branch="False" />
            <line number="501" hits="1" branch="False" />
            <line number="502" hits="1" branch="False" />
            <line number="503" hits="1" branch="False" />
            <line number="504" hits="1" branch="False" />
            <line number="505" hits="1" branch="False" />
            <line number="506" hits="1" branch="False" />
            <line number="508" hits="2" branch="False" />
            <line number="509" hits="2" branch="False" />
            <line number="510" hits="0" branch="False" />
            <line number="511" hits="0" branch="False" />
            <line number="512" hits="0" branch="False" />
            <line number="513" hits="0" branch="False" />
            <line number="514" hits="2" branch="False" />
            <line number="515" hits="2" branch="False" />
          </lines>
        </class>
        <class name="WorkoutGamifier.Core.Services.BackupService/&lt;ImportDataAsync&gt;d__5" filename="Services\BackupService.cs" line-rate="0.7413" branch-rate="0.625" complexity="8">
          <methods>
            <method name="MoveNext" signature="()" line-rate="0.7413" branch-rate="0.625" complexity="8">
              <lines>
                <line number="98" hits="3" branch="False" />
                <line number="99" hits="3" branch="False" />
                <line number="102" hits="3" branch="False" />
                <line number="103" hits="3" branch="False" />
                <line number="104" hits="3" branch="True" condition-coverage="100% (2/2)">
                  <conditions>
                    <condition number="268" type="jump" coverage="100%" />
                  </conditions>
                </line>
                <line number="105" hits="1" branch="False" />
                <line number="106" hits="1" branch="False" />
                <line number="107" hits="1" branch="False" />
                <line number="108" hits="1" branch="False" />
                <line number="109" hits="1" branch="False" />
                <line number="110" hits="1" branch="False" />
                <line number="113" hits="2" branch="False" />
                <line number="115" hits="2" branch="False" />
                <line number="117" hits="2" branch="False" />
                <line number="118" hits="2" branch="False" />
                <line number="119" hits="0" branch="False" />
                <line number="120" hits="2" branch="False" />
                <line number="121" hits="2" branch="False" />
                <line number="123" hits="2" branch="False" />
                <line number="124" hits="2" branch="False" />
                <line number="127" hits="2" branch="False" />
                <line number="128" hits="2" branch="True" condition-coverage="100% (2/2)">
                  <conditions>
                    <condition number="725" type="jump" coverage="100%" />
                  </conditions>
                </line>
                <line number="129" hits="1" branch="False" />
                <line number="130" hits="1" branch="False" />
                <line number="133" hits="1" branch="False" />
                <line number="134" hits="1" branch="False" />
                <line number="135" hits="1" branch="False" />
                <line number="136" hits="1" branch="False" />
                <line number="137" hits="1" branch="False" />
                <line number="138" hits="1" branch="False" />
                <line number="139" hits="1" branch="False" />
                <line number="140" hits="1" branch="False" />
                <line number="142" hits="1" branch="False" />
                <line number="145" hits="1" branch="False" />
                <line number="146" hits="1" branch="False" />
                <line number="147" hits="1" branch="False" />
                <line number="148" hits="1" branch="False" />
                <line number="152" hits="1" branch="False" />
                <line number="154" hits="2" branch="True" condition-coverage="50% (1/2)">
                  <conditions>
                    <condition number="2237" type="jump" coverage="50%" />
                  </conditions>
                </line>
                <line number="155" hits="0" branch="False" />
                <line number="156" hits="0" branch="False" />
                <line number="157" hits="0" branch="False" />
                <line number="159" hits="2" branch="False" />
                <line number="160" hits="2" branch="False" />
                <line number="161" hits="2" branch="False" />
                <line number="162" hits="0" branch="False" />
                <line number="163" hits="0" branch="False" />
                <line number="164" hits="0" branch="True" condition-coverage="0% (0/2)">
                  <conditions>
                    <condition number="2432" type="jump" coverage="0%" />
                  </conditions>
                </line>
                <line number="165" hits="0" branch="False" />
                <line number="166" hits="0" branch="False" />
                <line number="167" hits="0" branch="False" />
                <line number="168" hits="0" branch="False" />
                <line number="171" hits="0" branch="False" />
                <line number="173" hits="0" branch="False" />
                <line number="174" hits="0" branch="False" />
                <line number="175" hits="0" branch="False" />
                <line number="178" hits="2" branch="False" />
                <line number="179" hits="3" branch="False" />
              </lines>
            </method>
          </methods>
          <lines>
            <line number="98" hits="3" branch="False" />
            <line number="99" hits="3" branch="False" />
            <line number="102" hits="3" branch="False" />
            <line number="103" hits="3" branch="False" />
            <line number="104" hits="3" branch="True" condition-coverage="100% (2/2)">
              <conditions>
                <condition number="268" type="jump" coverage="100%" />
              </conditions>
            </line>
            <line number="105" hits="1" branch="False" />
            <line number="106" hits="1" branch="False" />
            <line number="107" hits="1" branch="False" />
            <line number="108" hits="1" branch="False" />
            <line number="109" hits="1" branch="False" />
            <line number="110" hits="1" branch="False" />
            <line number="113" hits="2" branch="False" />
            <line number="115" hits="2" branch="False" />
            <line number="117" hits="2" branch="False" />
            <line number="118" hits="2" branch="False" />
            <line number="119" hits="0" branch="False" />
            <line number="120" hits="2" branch="False" />
            <line number="121" hits="2" branch="False" />
            <line number="123" hits="2" branch="False" />
            <line number="124" hits="2" branch="False" />
            <line number="127" hits="2" branch="False" />
            <line number="128" hits="2" branch="True" condition-coverage="100% (2/2)">
              <conditions>
                <condition number="725" type="jump" coverage="100%" />
              </conditions>
            </line>
            <line number="129" hits="1" branch="False" />
            <line number="130" hits="1" branch="False" />
            <line number="133" hits="1" branch="False" />
            <line number="134" hits="1" branch="False" />
            <line number="135" hits="1" branch="False" />
            <line number="136" hits="1" branch="False" />
            <line number="137" hits="1" branch="False" />
            <line number="138" hits="1" branch="False" />
            <line number="139" hits="1" branch="False" />
            <line number="140" hits="1" branch="False" />
            <line number="142" hits="1" branch="False" />
            <line number="145" hits="1" branch="False" />
            <line number="146" hits="1" branch="False" />
            <line number="147" hits="1" branch="False" />
            <line number="148" hits="1" branch="False" />
            <line number="152" hits="1" branch="False" />
            <line number="154" hits="2" branch="True" condition-coverage="50% (1/2)">
              <conditions>
                <condition number="2237" type="jump" coverage="50%" />
              </conditions>
            </line>
            <line number="155" hits="0" branch="False" />
            <line number="156" hits="0" branch="False" />
            <line number="157" hits="0" branch="False" />
            <line number="159" hits="2" branch="False" />
            <line number="160" hits="2" branch="False" />
            <line number="161" hits="2" branch="False" />
            <line number="162" hits="0" branch="False" />
            <line number="163" hits="0" branch="False" />
            <line number="164" hits="0" branch="True" condition-coverage="0% (0/2)">
              <conditions>
                <condition number="2432" type="jump" coverage="0%" />
              </conditions>
            </line>
            <line number="165" hits="0" branch="False" />
            <line number="166" hits="0" branch="False" />
            <line number="167" hits="0" branch="False" />
            <line number="168" hits="0" branch="False" />
            <line number="171" hits="0" branch="False" />
            <line number="173" hits="0" branch="False" />
            <line number="174" hits="0" branch="False" />
            <line number="175" hits="0" branch="False" />
            <line number="178" hits="2" branch="False" />
            <line number="179" hits="3" branch="False" />
          </lines>
        </class>
        <class name="WorkoutGamifier.Core.Services.BackupService/&lt;ImportSessionsAsync&gt;d__19" filename="Services\BackupService.cs" line-rate="0.5789" branch-rate="0.8332999999999999" complexity="6">
          <methods>
            <method name="MoveNext" signature="()" line-rate="0.5789" branch-rate="0.8332999999999999" complexity="6">
              <lines>
                <line number="572" hits="2" branch="False" />
                <line number="573" hits="10" branch="True" condition-coverage="100% (2/2)">
                  <conditions>
                    <condition number="1030" type="jump" coverage="100%" />
                  </conditions>
                </line>
                <line number="574" hits="2" branch="False" />
                <line number="576" hits="2" branch="False" />
                <line number="577" hits="2" branch="True" condition-coverage="100% (2/2)">
                  <conditions>
                    <condition number="117" type="jump" coverage="100%" />
                  </conditions>
                </line>
                <line number="578" hits="1" branch="False" />
                <line number="579" hits="1" branch="False" />
                <line number="580" hits="1" branch="True" condition-coverage="50% (1/2)">
                  <conditions>
                    <condition number="282" type="jump" coverage="50%" />
                  </conditions>
                </line>
                <line number="581" hits="0" branch="False" />
                <line number="582" hits="0" branch="False" />
                <line number="583" hits="0" branch="False" />
                <line number="584" hits="0" branch="False" />
                <line number="585" hits="0" branch="False" />
                <line number="586" hits="0" branch="False" />
                <line number="587" hits="0" branch="False" />
                <line number="588" hits="0" branch="False" />
                <line number="589" hits="0" branch="False" />
                <line number="590" hits="0" branch="False" />
                <line number="592" hits="0" branch="False" />
                <line number="593" hits="0" branch="False" />
                <line number="595" hits="1" branch="False" />
                <line number="596" hits="1" branch="False" />
                <line number="597" hits="1" branch="False" />
                <line number="598" hits="1" branch="False" />
                <line number="600" hits="1" branch="False" />
                <line number="601" hits="1" branch="False" />
                <line number="602" hits="1" branch="False" />
                <line number="603" hits="1" branch="False" />
                <line number="604" hits="1" branch="False" />
                <line number="605" hits="1" branch="False" />
                <line number="607" hits="2" branch="False" />
                <line number="608" hits="2" branch="False" />
                <line number="609" hits="0" branch="False" />
                <line number="610" hits="0" branch="False" />
                <line number="611" hits="0" branch="False" />
                <line number="612" hits="0" branch="False" />
                <line number="613" hits="2" branch="False" />
                <line number="614" hits="2" branch="False" />
              </lines>
            </method>
          </methods>
          <lines>
            <line number="572" hits="2" branch="False" />
            <line number="573" hits="10" branch="True" condition-coverage="100% (2/2)">
              <conditions>
                <condition number="1030" type="jump" coverage="100%" />
              </conditions>
            </line>
            <line number="574" hits="2" branch="False" />
            <line number="576" hits="2" branch="False" />
            <line number="577" hits="2" branch="True" condition-coverage="100% (2/2)">
              <conditions>
                <condition number="117" type="jump" coverage="100%" />
              </conditions>
            </line>
            <line number="578" hits="1" branch="False" />
            <line number="579" hits="1" branch="False" />
            <line number="580" hits="1" branch="True" condition-coverage="50% (1/2)">
              <conditions>
                <condition number="282" type="jump" coverage="50%" />
              </conditions>
            </line>
            <line number="581" hits="0" branch="False" />
            <line number="582" hits="0" branch="False" />
            <line number="583" hits="0" branch="False" />
            <line number="584" hits="0" branch="False" />
            <line number="585" hits="0" branch="False" />
            <line number="586" hits="0" branch="False" />
            <line number="587" hits="0" branch="False" />
            <line number="588" hits="0" branch="False" />
            <line number="589" hits="0" branch="False" />
            <line number="590" hits="0" branch="False" />
            <line number="592" hits="0" branch="False" />
            <line number="593" hits="0" branch="False" />
            <line number="595" hits="1" branch="False" />
            <line number="596" hits="1" branch="False" />
            <line number="597" hits="1" branch="False" />
            <line number="598" hits="1" branch="False" />
            <line number="600" hits="1" branch="False" />
            <line number="601" hits="1" branch="False" />
            <line number="602" hits="1" branch="False" />
            <line number="603" hits="1" branch="False" />
            <line number="604" hits="1" branch="False" />
            <line number="605" hits="1" branch="False" />
            <line number="607" hits="2" branch="False" />
            <line number="608" hits="2" branch="False" />
            <line number="609" hits="0" branch="False" />
            <line number="610" hits="0" branch="False" />
            <line number="611" hits="0" branch="False" />
            <line number="612" hits="0" branch="False" />
            <line number="613" hits="2" branch="False" />
            <line number="614" hits="2" branch="False" />
          </lines>
        </class>
        <class name="WorkoutGamifier.Core.Services.BackupService/&lt;ImportWorkoutPoolWorkoutsAsync&gt;d__18" filename="Services\BackupService.cs" line-rate="0.9166" branch-rate="1" complexity="2">
          <methods>
            <method name="MoveNext" signature="()" line-rate="0.9166" branch-rate="1" complexity="2">
              <lines>
                <line number="557" hits="1" branch="False" />
                <line number="558" hits="5" branch="True" condition-coverage="100% (2/2)">
                  <conditions>
                    <condition number="262" type="jump" coverage="100%" />
                  </conditions>
                </line>
                <line number="559" hits="1" branch="False" />
                <line number="561" hits="1" branch="False" />
                <line number="562" hits="1" branch="False" />
                <line number="563" hits="0" branch="False" />
                <line number="564" hits="1" branch="False" />
                <line number="565" hits="1" branch="False" />
                <line number="566" hits="1" branch="False" />
                <line number="567" hits="1" branch="False" />
                <line number="568" hits="1" branch="False" />
                <line number="569" hits="1" branch="False" />
              </lines>
            </method>
          </methods>
          <lines>
            <line number="557" hits="1" branch="False" />
            <line number="558" hits="5" branch="True" condition-coverage="100% (2/2)">
              <conditions>
                <condition number="262" type="jump" coverage="100%" />
              </conditions>
            </line>
            <line number="559" hits="1" branch="False" />
            <line number="561" hits="1" branch="False" />
            <line number="562" hits="1" branch="False" />
            <line number="563" hits="0" branch="False" />
            <line number="564" hits="1" branch="False" />
            <line number="565" hits="1" branch="False" />
            <line number="566" hits="1" branch="False" />
            <line number="567" hits="1" branch="False" />
            <line number="568" hits="1" branch="False" />
            <line number="569" hits="1" branch="False" />
          </lines>
        </class>
        <class name="WorkoutGamifier.Core.Services.BackupService/&lt;ImportWorkoutPoolsAsync&gt;d__17" filename="Services\BackupService.cs" line-rate="0.75" branch-rate="0.8332999999999999" complexity="6">
          <methods>
            <method name="MoveNext" signature="()" line-rate="0.75" branch-rate="0.8332999999999999" complexity="6">
              <lines>
                <line number="518" hits="2" branch="False" />
                <line number="519" hits="10" branch="True" condition-coverage="100% (2/2)">
                  <conditions>
                    <condition number="892" type="jump" coverage="100%" />
                  </conditions>
                </line>
                <line number="520" hits="2" branch="False" />
                <line number="522" hits="2" branch="False" />
                <line number="523" hits="2" branch="True" condition-coverage="100% (2/2)">
                  <conditions>
                    <condition number="117" type="jump" coverage="100%" />
                  </conditions>
                </line>
                <line number="524" hits="1" branch="False" />
                <line number="525" hits="1" branch="False" />
                <line number="526" hits="1" branch="True" condition-coverage="50% (1/2)">
                  <conditions>
                    <condition number="282" type="jump" coverage="50%" />
                  </conditions>
                </line>
                <line number="527" hits="0" branch="False" />
                <line number="528" hits="0" branch="False" />
                <line number="529" hits="0" branch="False" />
                <line number="530" hits="0" branch="False" />
                <line number="532" hits="0" branch="False" />
                <line number="533" hits="0" branch="False" />
                <line number="535" hits="1" branch="False" />
                <line number="536" hits="1" branch="False" />
                <line number="537" hits="0" branch="False" />
                <line number="538" hits="0" branch="False" />
                <line number="540" hits="1" branch="False" />
                <line number="541" hits="1" branch="False" />
                <line number="542" hits="1" branch="False" />
                <line number="543" hits="1" branch="False" />
                <line number="544" hits="1" branch="False" />
                <line number="545" hits="1" branch="False" />
                <line number="547" hits="1" branch="False" />
                <line number="548" hits="1" branch="False" />
                <line number="549" hits="1" branch="False" />
                <line number="550" hits="1" branch="False" />
                <line number="551" hits="1" branch="False" />
                <line number="552" hits="1" branch="False" />
                <line number="553" hits="2" branch="False" />
                <line number="554" hits="2" branch="False" />
              </lines>
            </method>
          </methods>
          <lines>
            <line number="518" hits="2" branch="False" />
            <line number="519" hits="10" branch="True" condition-coverage="100% (2/2)">
              <conditions>
                <condition number="892" type="jump" coverage="100%" />
              </conditions>
            </line>
            <line number="520" hits="2" branch="False" />
            <line number="522" hits="2" branch="False" />
            <line number="523" hits="2" branch="True" condition-coverage="100% (2/2)">
              <conditions>
                <condition number="117" type="jump" coverage="100%" />
              </conditions>
            </line>
            <line number="524" hits="1" branch="False" />
            <line number="525" hits="1" branch="False" />
            <line number="526" hits="1" branch="True" condition-coverage="50% (1/2)">
              <conditions>
                <condition number="282" type="jump" coverage="50%" />
              </conditions>
            </line>
            <line number="527" hits="0" branch="False" />
            <line number="528" hits="0" branch="False" />
            <line number="529" hits="0" branch="False" />
            <line number="530" hits="0" branch="False" />
            <line number="532" hits="0" branch="False" />
            <line number="533" hits="0" branch="False" />
            <line number="535" hits="1" branch="False" />
            <line number="536" hits="1" branch="False" />
            <line number="537" hits="0" branch="False" />
            <line number="538" hits="0" branch="False" />
            <line number="540" hits="1" branch="False" />
            <line number="541" hits="1" branch="False" />
            <line number="542" hits="1" branch="False" />
            <line number="543" hits="1" branch="False" />
            <line number="544" hits="1" branch="False" />
            <line number="545" hits="1" branch="False" />
            <line number="547" hits="1" branch="False" />
            <line number="548" hits="1" branch="False" />
            <line number="549" hits="1" branch="False" />
            <line number="550" hits="1" branch="False" />
            <line number="551" hits="1" branch="False" />
            <line number="552" hits="1" branch="False" />
            <line number="553" hits="2" branch="False" />
            <line number="554" hits="2" branch="False" />
          </lines>
        </class>
        <class name="WorkoutGamifier.Core.Services.BackupService/&lt;ImportWorkoutReceivedAsync&gt;d__21" filename="Services\BackupService.cs" line-rate="0.9229999999999999" branch-rate="1" complexity="2">
          <methods>
            <method name="MoveNext" signature="()" line-rate="0.9229999999999999" branch-rate="1" complexity="2">
              <lines>
                <line number="633" hits="1" branch="False" />
                <line number="634" hits="5" branch="True" condition-coverage="100% (2/2)">
                  <conditions>
                    <condition number="275" type="jump" coverage="100%" />
                  </conditions>
                </line>
                <line number="635" hits="1" branch="False" />
                <line number="637" hits="1" branch="False" />
                <line number="638" hits="1" branch="False" />
                <line number="639" hits="1" branch="False" />
                <line number="640" hits="0" branch="False" />
                <line number="641" hits="1" branch="False" />
                <line number="642" hits="1" branch="False" />
                <line number="643" hits="1" branch="False" />
                <line number="644" hits="1" branch="False" />
                <line number="645" hits="1" branch="False" />
                <line number="646" hits="1" branch="False" />
              </lines>
            </method>
          </methods>
          <lines>
            <line number="633" hits="1" branch="False" />
            <line number="634" hits="5" branch="True" condition-coverage="100% (2/2)">
              <conditions>
                <condition number="275" type="jump" coverage="100%" />
              </conditions>
            </line>
            <line number="635" hits="1" branch="False" />
            <line number="637" hits="1" branch="False" />
            <line number="638" hits="1" branch="False" />
            <line number="639" hits="1" branch="False" />
            <line number="640" hits="0" branch="False" />
            <line number="641" hits="1" branch="False" />
            <line number="642" hits="1" branch="False" />
            <line number="643" hits="1" branch="False" />
            <line number="644" hits="1" branch="False" />
            <line number="645" hits="1" branch="False" />
            <line number="646" hits="1" branch="False" />
          </lines>
        </class>
        <class name="WorkoutGamifier.Core.Services.BackupService/&lt;ImportWorkoutsAsync&gt;d__15" filename="Services\BackupService.cs" line-rate="0.6111" branch-rate="0.8332999999999999" complexity="6">
          <methods>
            <method name="MoveNext" signature="()" line-rate="0.6111" branch-rate="0.8332999999999999" complexity="6">
              <lines>
                <line number="433" hits="2" branch="False" />
                <line number="434" hits="10" branch="True" condition-coverage="100% (2/2)">
                  <conditions>
                    <condition number="984" type="jump" coverage="100%" />
                  </conditions>
                </line>
                <line number="435" hits="2" branch="False" />
                <line number="437" hits="2" branch="False" />
                <line number="438" hits="2" branch="True" condition-coverage="100% (2/2)">
                  <conditions>
                    <condition number="117" type="jump" coverage="100%" />
                  </conditions>
                </line>
                <line number="439" hits="1" branch="False" />
                <line number="440" hits="1" branch="False" />
                <line number="441" hits="1" branch="True" condition-coverage="50% (1/2)">
                  <conditions>
                    <condition number="282" type="jump" coverage="50%" />
                  </conditions>
                </line>
                <line number="442" hits="0" branch="False" />
                <line number="444" hits="0" branch="False" />
                <line number="445" hits="0" branch="False" />
                <line number="446" hits="0" branch="False" />
                <line number="447" hits="0" branch="False" />
                <line number="448" hits="0" branch="False" />
                <line number="449" hits="0" branch="False" />
                <line number="450" hits="0" branch="False" />
                <line number="452" hits="0" branch="False" />
                <line number="453" hits="0" branch="False" />
                <line number="455" hits="1" branch="False" />
                <line number="456" hits="1" branch="False" />
                <line number="457" hits="1" branch="False" />
                <line number="458" hits="1" branch="False" />
                <line number="460" hits="1" branch="False" />
                <line number="462" hits="1" branch="False" />
                <line number="463" hits="1" branch="False" />
                <line number="464" hits="1" branch="False" />
                <line number="466" hits="1" branch="False" />
                <line number="467" hits="1" branch="False" />
                <line number="469" hits="2" branch="False" />
                <line number="470" hits="2" branch="False" />
                <line number="471" hits="0" branch="False" />
                <line number="472" hits="0" branch="False" />
                <line number="473" hits="0" branch="False" />
                <line number="474" hits="0" branch="False" />
                <line number="475" hits="2" branch="False" />
                <line number="476" hits="2" branch="False" />
              </lines>
            </method>
          </methods>
          <lines>
            <line number="433" hits="2" branch="False" />
            <line number="434" hits="10" branch="True" condition-coverage="100% (2/2)">
              <conditions>
                <condition number="984" type="jump" coverage="100%" />
              </conditions>
            </line>
            <line number="435" hits="2" branch="False" />
            <line number="437" hits="2" branch="False" />
            <line number="438" hits="2" branch="True" condition-coverage="100% (2/2)">
              <conditions>
                <condition number="117" type="jump" coverage="100%" />
              </conditions>
            </line>
            <line number="439" hits="1" branch="False" />
            <line number="440" hits="1" branch="False" />
            <line number="441" hits="1" branch="True" condition-coverage="50% (1/2)">
              <conditions>
                <condition number="282" type="jump" coverage="50%" />
              </conditions>
            </line>
            <line number="442" hits="0" branch="False" />
            <line number="444" hits="0" branch="False" />
            <line number="445" hits="0" branch="False" />
            <line number="446" hits="0" branch="False" />
            <line number="447" hits="0" branch="False" />
            <line number="448" hits="0" branch="False" />
            <line number="449" hits="0" branch="False" />
            <line number="450" hits="0" branch="False" />
            <line number="452" hits="0" branch="False" />
            <line number="453" hits="0" branch="False" />
            <line number="455" hits="1" branch="False" />
            <line number="456" hits="1" branch="False" />
            <line number="457" hits="1" branch="False" />
            <line number="458" hits="1" branch="False" />
            <line number="460" hits="1" branch="False" />
            <line number="462" hits="1" branch="False" />
            <line number="463" hits="1" branch="False" />
            <line number="464" hits="1" branch="False" />
            <line number="466" hits="1" branch="False" />
            <line number="467" hits="1" branch="False" />
            <line number="469" hits="2" branch="False" />
            <line number="470" hits="2" branch="False" />
            <line number="471" hits="0" branch="False" />
            <line number="472" hits="0" branch="False" />
            <line number="473" hits="0" branch="False" />
            <line number="474" hits="0" branch="False" />
            <line number="475" hits="2" branch="False" />
            <line number="476" hits="2" branch="False" />
          </lines>
        </class>
        <class name="WorkoutGamifier.Core.Services.BackupService/&lt;LoadBackupFromFileAsync&gt;d__8" filename="Services\BackupService.cs" line-rate="0.8571" branch-rate="0.75" complexity="4">
          <methods>
            <method name="MoveNext" signature="()" line-rate="0.8571" branch-rate="0.75" complexity="4">
              <lines>
                <line number="216" hits="2" branch="False" />
                <line number="218" hits="2" branch="False" />
                <line number="219" hits="2" branch="False" />
                <line number="220" hits="2" branch="True" condition-coverage="50% (1/2)">
                  <conditions>
                    <condition number="52" type="jump" coverage="50%" />
                  </conditions>
                </line>
                <line number="221" hits="0" branch="False" />
                <line number="223" hits="0" branch="False" />
                <line number="226" hits="2" branch="True" condition-coverage="100% (2/2)">
                  <conditions>
                    <condition number="78" type="jump" coverage="100%" />
                  </conditions>
                </line>
                <line number="227" hits="1" branch="False" />
[...]
              <lines>
                <line number="30" hits="119" branch="False" />
              </lines>
            </method>
            <method name="get_CurrentPointBalance" signature="()" line-rate="1" branch-rate="1" complexity="1">
              <lines>
                <line number="33" hits="28" branch="False" />
              </lines>
            </method>
            <method name="get_Duration" signature="()" line-rate="1" branch-rate="1" complexity="2">
              <lines>
                <line number="34" hits="17" branch="True" condition-coverage="100% (2/2)">
                  <conditions>
                    <condition number="14" type="jump" coverage="100%" />
                  </conditions>
                </line>
              </lines>
            </method>
          </methods>
          <lines>
            <line number="7" hits="116" branch="False" />
            <line number="11" hits="209" branch="False" />
            <line number="14" hits="91" branch="False" />
            <line number="16" hits="91" branch="False" />
            <line number="18" hits="132" branch="False" />
            <line number="20" hits="97" branch="False" />
            <line number="22" hits="202" branch="False" />
            <line number="24" hits="180" branch="False" />
            <line number="26" hits="159" branch="False" />
            <line number="28" hits="75" branch="False" />
            <line number="30" hits="119" branch="False" />
            <line number="33" hits="28" branch="False" />
            <line number="34" hits="17" branch="True" condition-coverage="100% (2/2)">
              <conditions>
                <condition number="14" type="jump" coverage="100%" />
              </conditions>
            </line>
          </lines>
        </class>
        <class name="WorkoutGamifier.Core.Models.Workout" filename="Models\Workout.cs" line-rate="1" branch-rate="1" complexity="10">
          <methods>
            <method name="get_Id" signature="()" line-rate="1" branch-rate="1" complexity="1">
              <lines>
                <line number="7" hits="1551" branch="False" />
              </lines>
            </method>
            <method name="get_Name" signature="()" line-rate="1" branch-rate="1" complexity="1">
              <lines>
                <line number="11" hits="35386" branch="False" />
              </lines>
            </method>
            <method name="get_Description" signature="()" line-rate="1" branch-rate="1" complexity="1">
              <lines>
                <line number="14" hits="2518" branch="False" />
              </lines>
            </method>
            <method name="get_Instructions" signature="()" line-rate="1" branch-rate="1" complexity="1">
              <lines>
                <line number="17" hits="2372" branch="False" />
              </lines>
            </method>
            <method name="get_DurationMinutes" signature="()" line-rate="1" branch-rate="1" complexity="1">
              <lines>
                <line number="20" hits="22768" branch="False" />
              </lines>
            </method>
            <method name="get_Difficulty" signature="()" line-rate="1" branch-rate="1" complexity="1">
              <lines>
                <line number="22" hits="22784" branch="False" />
              </lines>
            </method>
            <method name="get_IsPreloaded" signature="()" line-rate="1" branch-rate="1" complexity="1">
              <lines>
                <line number="24" hits="347" branch="False" />
              </lines>
            </method>
            <method name="get_IsHidden" signature="()" line-rate="1" branch-rate="1" complexity="1">
              <lines>
                <line number="26" hits="10012630" branch="False" />
              </lines>
            </method>
            <method name="get_CreatedAt" signature="()" line-rate="1" branch-rate="1" complexity="1">
              <lines>
                <line number="28" hits="17502" branch="False" />
              </lines>
            </method>
            <method name="get_UpdatedAt" signature="()" line-rate="1" branch-rate="1" complexity="1">
              <lines>
                <line number="30" hits="17509" branch="False" />
              </lines>
            </method>
          </methods>
          <lines>
            <line number="7" hits="1551" branch="False" />
            <line number="11" hits="35386" branch="False" />
            <line number="14" hits="2518" branch="False" />
            <line number="17" hits="2372" branch="False" />
            <line number="20" hits="22768" branch="False" />
            <line number="22" hits="22784" branch="False" />
            <line number="24" hits="347" branch="False" />
            <line number="26" hits="10012630" branch="False" />
            <line number="28" hits="17502" branch="False" />
            <line number="30" hits="17509" branch="False" />
          </lines>
        </class>
        <class name="WorkoutGamifier.Core.Models.WorkoutPool" filename="Models\WorkoutPool.cs" line-rate="1" branch-rate="1" complexity="6">
          <methods>
            <method name="get_Id" signature="()" line-rate="1" branch-rate="1" complexity="1">
              <lines>
                <line number="7" hits="371" branch="False" />
              </lines>
            </method>
            <method name="get_Name" signature="()" line-rate="1" branch-rate="1" complexity="1">
              <lines>
                <line number="11" hits="225" branch="False" />
              </lines>
            </method>
            <method name="get_Description" signature="()" line-rate="1" branch-rate="1" complexity="1">
              <lines>
                <line number="14" hits="117" branch="False" />
              </lines>
            </method>
            <method name="get_CreatedAt" signature="()" line-rate="1" branch-rate="1" complexity="1">
              <lines>
                <line number="16" hits="57" branch="False" />
              </lines>
            </method>
            <method name="get_UpdatedAt" signature="()" line-rate="1" branch-rate="1" complexity="1">
              <lines>
                <line number="18" hits="57" branch="False" />
              </lines>
            </method>
            <method name="get_WorkoutPoolWorkouts" signature="()" line-rate="1" branch-rate="1" complexity="1">
              <lines>
                <line number="21" hits="83" branch="False" />
              </lines>
            </method>
          </methods>
          <lines>
            <line number="7" hits="371" branch="False" />
            <line number="11" hits="225" branch="False" />
            <line number="14" hits="117" branch="False" />
            <line number="16" hits="57" branch="False" />
            <line number="18" hits="57" branch="False" />
            <line number="21" hits="83" branch="False" />
          </lines>
        </class>
        <class name="WorkoutGamifier.Core.Models.WorkoutPoolWorkout" filename="Models\WorkoutPool.cs" line-rate="1" branch-rate="1" complexity="4">
          <methods>
            <method name="get_WorkoutPoolId" signature="()" line-rate="1" branch-rate="1" complexity="1">
              <lines>
                <line number="26" hits="301" branch="False" />
              </lines>
            </method>
            <method name="get_WorkoutId" signature="()" line-rate="1" branch-rate="1" complexity="1">
              <lines>
                <line number="27" hits="298" branch="False" />
              </lines>
            </method>
            <method name="get_WorkoutPool" signature="()" line-rate="1" branch-rate="1" complexity="1">
              <lines>
                <line number="30" hits="298" branch="False" />
              </lines>
            </method>
            <method name="get_Workout" signature="()" line-rate="1" branch-rate="1" complexity="1">
              <lines>
                <line number="31" hits="302" branch="False" />
              </lines>
            </method>
          </methods>
          <lines>
            <line number="26" hits="301" branch="False" />
            <line number="27" hits="298" branch="False" />
            <line number="30" hits="298" branch="False" />
            <line number="31" hits="302" branch="False" />
          </lines>
        </class>
        <class name="WorkoutGamifier.Core.Models.ActionCompletion" filename="Models\WorkoutPool.cs" line-rate="1" branch-rate="1" complexity="7">
          <methods>
            <method name="get_Id" signature="()" line-rate="1" branch-rate="1" complexity="1">
              <lines>
                <line number="36" hits="15" branch="False" />
              </lines>
            </method>
            <method name="get_SessionId" signature="()" line-rate="1" branch-rate="1" complexity="1">
              <lines>
                <line number="37" hits="57" branch="False" />
              </lines>
            </method>
            <method name="get_ActionId" signature="()" line-rate="1" branch-rate="1" complexity="1">
              <lines>
                <line number="38" hits="57" branch="False" />
              </lines>
            </method>
            <method name="get_CompletedAt" signature="()" line-rate="1" branch-rate="1" complexity="1">
              <lines>
                <line number="39" hits="45" branch="False" />
              </lines>
            </method>
            <method name="get_PointsAwarded" signature="()" line-rate="1" branch-rate="1" complexity="1">
              <lines>
                <line number="40" hits="54" branch="False" />
              </lines>
            </method>
            <method name="get_Session" signature="()" line-rate="1" branch-rate="1" complexity="1">
              <lines>
                <line number="43" hits="56" branch="False" />
              </lines>
            </method>
            <method name="get_Action" signature="()" line-rate="1" branch-rate="1" complexity="1">
              <lines>
                <line number="44" hits="56" branch="False" />
              </lines>
            </method>
          </methods>
          <lines>
            <line number="36" hits="15" branch="False" />
            <line number="37" hits="57" branch="False" />
            <line number="38" hits="57" branch="False" />
            <line number="39" hits="45" branch="False" />
            <line number="40" hits="54" branch="False" />
            <line number="43" hits="56" branch="False" />
            <line number="44" hits="56" branch="False" />
          </lines>
        </class>
        <class name="WorkoutGamifier.Core.Models.WorkoutReceived" filename="Models\WorkoutPool.cs" line-rate="1" branch-rate="1" complexity="7">
          <methods>
            <method name="get_Id" signature="()" line-rate="1" branch-rate="1" complexity="1">
              <lines>
                <line number="49" hits="15" branch="False" />
              </lines>
            </method>
            <method name="get_SessionId" signature="()" line-rate="1" branch-rate="1" complexity="1">
              <lines>
                <line number="50" hits="35" branch="False" />
              </lines>
            </method>
            <method name="get_WorkoutId" signature="()" line-rate="1" branch-rate="1" complexity="1">
              <lines>
                <line number="51" hits="31" branch="False" />
              </lines>
            </method>
            <method name="get_ReceivedAt" signature="()" line-rate="1" branch-rate="1" complexity="1">
              <lines>
                <line number="52" hits="27" branch="False" />
              </lines>
            </method>
            <method name="get_PointsSpent" signature="()" line-rate="1" branch-rate="1" complexity="1">
              <lines>
                <line number="53" hits="33" branch="False" />
              </lines>
            </method>
            <method name="get_Session" signature="()" line-rate="1" branch-rate="1" complexity="1">
              <lines>
                <line number="56" hits="34" branch="False" />
              </lines>
            </method>
            <method name="get_Workout" signature="()" line-rate="1" branch-rate="1" complexity="1">
              <lines>
                <line number="57" hits="34" branch="False" />
              </lines>
            </method>
          </methods>
          <lines>
            <line number="49" hits="15" branch="False" />
            <line number="50" hits="35" branch="False" />
            <line number="51" hits="31" branch="False" />
            <line number="52" hits="27" branch="False" />
            <line number="53" hits="33" branch="False" />
            <line number="56" hits="34" branch="False" />
            <line number="57" hits="34" branch="False" />
          </lines>
        </class>
        <class name="WorkoutGamifier.Core.Data.TestDbContext" filename="Data\TestDbContext.cs" line-rate="1" branch-rate="1" complexity="9">
          <methods>
            <method name="get_Workouts" signature="()" line-rate="1" branch-rate="1" complexity="1">
              <lines>
                <line number="12" hits="63" branch="False" />
              </lines>
            </method>
            <method name="get_WorkoutPools" signature="()" line-rate="1" branch-rate="1" complexity="1">
              <lines>
                <line number="13" hits="63" branch="False" />
              </lines>
            </method>
            <method name="get_Actions" signature="()" line-rate="1" branch-rate="1" complexity="1">
              <lines>
                <line number="14" hits="63" branch="False" />
              </lines>
            </method>
            <method name="get_Sessions" signature="()" line-rate="1" branch-rate="1" complexity="1">
              <lines>
                <line number="15" hits="63" branch="False" />
              </lines>
            </method>
            <method name="get_ActionCompletions" signature="()" line-rate="1" branch-rate="1" complexity="1">
              <lines>
                <line number="16" hits="63" branch="False" />
              </lines>
            </method>
            <method name="get_WorkoutReceived" signature="()" line-rate="1" branch-rate="1" complexity="1">
              <lines>
                <line number="17" hits="63" branch="False" />
              </lines>
            </method>
            <method name="get_WorkoutPoolWorkouts" signature="()" line-rate="1" branch-rate="1" complexity="1">
              <lines>
                <line number="18" hits="82" branch="False" />
              </lines>
            </method>
            <method name="OnModelCreating" signature="(Microsoft.EntityFrameworkCore.ModelBuilder)" line-rate="1" branch-rate="1" complexity="1">
              <lines>
                <line number="21" hits="1" branch="False" />
                <line number="22" hits="1" branch="False" />
                <line number="25" hits="1" branch="False" />
                <line number="26" hits="1" branch="False" />
                <line number="28" hits="1" branch="False" />
                <line number="29" hits="1" branch="False" />
                <line number="30" hits="1" branch="False" />
                <line number="31" hits="1" branch="False" />
                <line number="33" hits="1" branch="False" />
                <line number="34" hits="1" branch="False" />
                <line number="35" hits="1" branch="False" />
                <line number="36" hits="1" branch="False" />
                <line number="39" hits="1" branch="False" />
                <line number="40" hits="1" branch="False" />
                <line number="41" hits="1" branch="False" />
                <line number="42" hits="1" branch="False" />
                <line number="44" hits="1" branch="False" />
                <line number="45" hits="1" branch="False" />
                <line number="46" hits="1" branch="False" />
                <line number="47" hits="1" branch="False" />
                <line number="50" hits="1" branch="False" />
                <line number="51" hits="1" branch="False" />
                <line number="52" hits="1" branch="False" />
                <line number="53" hits="1" branch="False" />
                <line number="55" hits="1" branch="False" />
                <line number="56" hits="1" branch="False" />
                <line number="57" hits="1" branch="False" />
                <line number="58" hits="1" branch="False" />
                <line number="61" hits="1" branch="False" />
                <line number="62" hits="1" branch="False" />
                <line number="63" hits="1" branch="False" />
                <line number="64" hits="1" branch="False" />
                <line number="65" hits="1" branch="False" />
              </lines>
            </method>
            <method name=".ctor" signature="(Microsoft.EntityFrameworkCore.DbContextOptions`1&lt;WorkoutGamifier.Core.Data.TestDbContext&gt;)" line-rate="1" branch-rate="1" complexity="1">
              <lines>
                <line number="8" hits="63" branch="False" />
                <line number="9" hits="63" branch="False" />
                <line number="10" hits="63" branch="False" />
              </lines>
            </method>
          </methods>
          <lines>
            <line number="12" hits="63" branch="False" />
            <line number="13" hits="63" branch="False" />
            <line number="14" hits="63" branch="False" />
            <line number="15" hits="63" branch="False" />
            <line number="16" hits="63" branch="False" />
            <line number="17" hits="63" branch="False" />
            <line number="18" hits="82" branch="False" />
            <line number="21" hits="1" branch="False" />
            <line number="22" hits="1" branch="False" />
            <line number="25" hits="1" branch="False" />
            <line number="26" hits="1" branch="False" />
            <line number="28" hits="1" branch="False" />
            <line number="29" hits="1" branch="False" />
            <line number="30" hits="1" branch="False" />
            <line number="31" hits="1" branch="False" />
            <line number="33" hits="1" branch="False" />
            <line number="34" hits="1" branch="False" />
            <line number="35" hits="1" branch="False" />
            <line number="36" hits="1" branch="False" />
            <line number="39" hits="1" branch="False" />
            <line number="40" hits="1" branch="False" />
            <line number="41" hits="1" branch="False" />
            <line number="42" hits="1" branch="False" />
            <line number="44" hits="1" branch="False" />
            <line number="45" hits="1" branch="False" />
            <line number="46" hits="1" branch="False" />
            <line number="47" hits="1" branch="False" />
            <line number="50" hits="1" branch="False" />
            <line number="51" hits="1" branch="False" />
            <line number="52" hits="1" branch="False" />
            <line number="53" hits="1" branch="False" />
            <line number="55" hits="1" branch="False" />
            <line number="56" hits="1" branch="False" />
            <line number="57" hits="1" branch="False" />
            <line number="58" hits="1" branch="False" />
            <line number="61" hits="1" branch="False" />
            <line number="62" hits="1" branch="False" />
            <line number="63" hits="1" branch="False" />
            <line number="64" hits="1" branch="False" />
            <line number="65" hits="1" branch="False" />
            <line number="8" hits="63" branch="False" />
            <line number="9" hits="63" branch="False" />
            <line number="10" hits="63" branch="False" />
          </lines>
        </class>
      </classes>
    </package>
  </packages>
</coverage>